hellocharts-library/build/outputs/logs/manifest-merger-release-report.txt
-- Merging decision tree log ---
manifest
ADDED from ModonEn\hellocharts-library\AndroidManifest.xml:2:1-11:12
INJECTED from ModonEn\hellocharts-library\AndroidManifest.xml:2:1-11:12
INJECTED from ModonEn\hellocharts-library\AndroidManifest.xml:2:1-11:12
INJECTED from ModonEn\hellocharts-library\AndroidManifest.xml:2:1-11:12
INJECTED from ModonEn\hellocharts-library\AndroidManifest.xml:2:1-11:12
INJECTED from ModonEn\hellocharts-library\AndroidManifest.xml:2:1-11:12
INJECTED from ModonEn\hellocharts-library\AndroidManifest.xml:2:1-11:12
	package
		ADDED from ModonEn\hellocharts-library\AndroidManifest.xml:3:5-36
		INJECTED from ModonEn\hellocharts-library\AndroidManifest.xml
		INJECTED from ModonEn\hellocharts-library\AndroidManifest.xml
	android:versionName
		ADDED from ModonEn\hellocharts-library\AndroidManifest.xml:5:5-32
		INJECTED from ModonEn\hellocharts-library\AndroidManifest.xml
		INJECTED from ModonEn\hellocharts-library\AndroidManifest.xml
	xmlns:android
		ADDED from ModonEn\hellocharts-library\AndroidManifest.xml:2:11-69
	android:versionCode
		ADDED from ModonEn\hellocharts-library\AndroidManifest.xml:4:5-29
		INJECTED from ModonEn\hellocharts-library\AndroidManifest.xml
		INJECTED from ModonEn\hellocharts-library\AndroidManifest.xml
uses-sdk
ADDED from ModonEn\hellocharts-library\AndroidManifest.xml:7:5-9:41
INJECTED from ModonEn\hellocharts-library\AndroidManifest.xml:7:5-9:41
INJECTED from ModonEn\hellocharts-library\AndroidManifest.xml:7:5-9:41
INJECTED from ModonEn\hellocharts-library\AndroidManifest.xml:7:5-9:41
INJECTED from ModonEn\hellocharts-library\AndroidManifest.xml:7:5-9:41
	android:targetSdkVersion
		ADDED from ModonEn\hellocharts-library\AndroidManifest.xml:9:9-38
		INJECTED from ModonEn\hellocharts-library\AndroidManifest.xml
		INJECTED from ModonEn\hellocharts-library\AndroidManifest.xml
	android:minSdkVersion
		ADDED from ModonEn\hellocharts-library\AndroidManifest.xml:8:9-34
		INJECTED from ModonEn\hellocharts-library\AndroidManifest.xml
		INJECTED from ModonEn\hellocharts-library\AndroidManifest.xml